# JRE version: OpenJDK Runtime Environment (8.0) (build 1.8.0-adoptopenjdk-_2018_05_19_00_59-b00)
# Java VM: OpenJDK 64-Bit Server VM (25.71-b00 mixed mode windows-amd64 compressed oops)
Heap:
 PSYoungGen      total 340992K, used 137751K [0x000000076ab00000, 0x0000000785600000, 0x00000007c0000000)
  eden space 317440K, 43% used [0x000000076ab00000,0x0000000773185de0,0x000000077e100000)
  from space 23552K, 0% used [0x000000077e100000,0x000000077e100000,0x000000077f800000)
  to   space 23040K, 0% used [0x0000000783f80000,0x0000000783f80000,0x0000000785600000)
 ParOldGen       total 155136K, used 55821K [0x00000006c0000000, 0x00000006c9780000, 0x000000076ab00000)
  object space 155136K, 35% used [0x00000006c0000000,0x00000006c3683758,0x00000006c9780000)
 Metaspace       used 117254K, capacity 121662K, committed 122072K, reserved 1155072K
  class space    used 15449K, capacity 16357K, committed 16384K, reserved 1048576K
GC Heap History (10 events):
Event: 19.656 GC heap before
{Heap before GC invocations=15 (full 3):
 PSYoungGen      total 228352K, used 210432K [0x000000076ab00000, 0x000000077d480000, 0x00000007c0000000)
  eden space 210432K, 100% used [0x000000076ab00000,0x0000000777880000,0x0000000777880000)
  from space 17920K, 0% used [0x0000000777880000,0x0000000777880000,0x0000000778a00000)
  to   space 18432K, 0% used [0x000000077c280000,0x000000077c280000,0x000000077d480000)
 ParOldGen       total 107008K, used 33642K [0x00000006c0000000, 0x00000006c6880000, 0x000000076ab00000)
  object space 107008K, 31% used [0x00000006c0000000,0x00000006c20da808,0x00000006c6880000)
 Metaspace       used 70668K, capacity 73470K, committed 73688K, reserved 1112064K
  class space    used 9601K, capacity 10192K, committed 10240K, reserved 1048576K
Event: 19.681 GC heap after
Heap after GC invocations=15 (full 3):
 PSYoungGen      total 281088K, used 18430K [0x000000076ab00000, 0x000000077d880000, 0x00000007c0000000)
  eden space 262656K, 0% used [0x000000076ab00000,0x000000076ab00000,0x000000077ab80000)
  from space 18432K, 99% used [0x000000077c280000,0x000000077d47fbc0,0x000000077d480000)
  to   space 23040K, 0% used [0x000000077ab80000,0x000000077ab80000,0x000000077c200000)
 ParOldGen       total 107008K, used 38895K [0x00000006c0000000, 0x00000006c6880000, 0x000000076ab00000)
  object space 107008K, 36% used [0x00000006c0000000,0x00000006c25fbea0,0x00000006c6880000)
 Metaspace       used 70668K, capacity 73470K, committed 73688K, reserved 1112064K
  class space    used 9601K, capacity 10192K, committed 10240K, reserved 1048576K
}
Event: 22.416 GC heap before
{Heap before GC invocations=16 (full 3):
 PSYoungGen      total 281088K, used 281086K [0x000000076ab00000, 0x000000077d880000, 0x00000007c0000000)
  eden space 262656K, 100% used [0x000000076ab00000,0x000000077ab80000,0x000000077ab80000)
  from space 18432K, 99% used [0x000000077c280000,0x000000077d47fbc0,0x000000077d480000)
  to   space 23040K, 0% used [0x000000077ab80000,0x000000077ab80000,0x000000077c200000)
 ParOldGen       total 107008K, used 38895K [0x00000006c0000000, 0x00000006c6880000, 0x000000076ab00000)
  object space 107008K, 36% used [0x00000006c0000000,0x00000006c25fbea0,0x00000006c6880000)
 Metaspace       used 83463K, capacity 87264K, committed 87384K, reserved 1124352K
  class space    used 11242K, capacity 12082K, committed 12160K, reserved 1048576K
Event: 22.443 GC heap after
Heap after GC invocations=16 (full 3):
 PSYoungGen      total 285696K, used 12940K [0x000000076ab00000, 0x0000000781480000, 0x00000007c0000000)
  eden space 262656K, 0% used [0x000000076ab00000,0x000000076ab00000,0x000000077ab80000)
  from space 23040K, 56% used [0x000000077ab80000,0x000000077b8233b0,0x000000077c200000)
  to   space 23040K, 0% used [0x000000077fe00000,0x000000077fe00000,0x0000000781480000)
 ParOldGen       total 107008K, used 51926K [0x00000006c0000000, 0x00000006c6880000, 0x000000076ab00000)
  object space 107008K, 48% used [0x00000006c0000000,0x00000006c32b5b80,0x00000006c6880000)
 Metaspace       used 83463K, capacity 87264K, committed 87384K, reserved 1124352K
  class space    used 11242K, capacity 12082K, committed 12160K, reserved 1048576K
}
Event: 25.584 GC heap before
{Heap before GC invocations=17 (full 3):
 PSYoungGen      total 285696K, used 275596K [0x000000076ab00000, 0x0000000781480000, 0x00000007c0000000)
  eden space 262656K, 100% used [0x000000076ab00000,0x000000077ab80000,0x000000077ab80000)
  from space 23040K, 56% used [0x000000077ab80000,0x000000077b8233b0,0x000000077c200000)
  to   space 23040K, 0% used [0x000000077fe00000,0x000000077fe00000,0x0000000781480000)
 ParOldGen       total 107008K, used 51926K [0x00000006c0000000, 0x00000006c6880000, 0x000000076ab00000)
  object space 107008K, 48% used [0x00000006c0000000,0x00000006c32b5b80,0x00000006c6880000)
 Metaspace       used 91767K, capacity 95738K, committed 95832K, reserved 1132544K
  class space    used 12259K, capacity 13123K, committed 13184K, reserved 1048576K
Event: 25.601 GC heap after
Heap after GC invocations=17 (full 3):
 PSYoungGen      total 334848K, used 15153K [0x000000076ab00000, 0x0000000780f00000, 0x00000007c0000000)
  eden space 317440K, 0% used [0x000000076ab00000,0x000000076ab00000,0x000000077e100000)
  from space 17408K, 87% used [0x000000077fe00000,0x0000000780ccc6e8,0x0000000780f00000)
  to   space 23552K, 0% used [0x000000077e100000,0x000000077e100000,0x000000077f800000)
 ParOldGen       total 107008K, used 51934K [0x00000006c0000000, 0x00000006c6880000, 0x000000076ab00000)
  object space 107008K, 48% used [0x00000006c0000000,0x00000006c32b7b80,0x00000006c6880000)
 Metaspace       used 91767K, capacity 95738K, committed 95832K, reserved 1132544K
  class space    used 12259K, capacity 13123K, committed 13184K, reserved 1048576K
}
Event: 26.404 GC heap before
{Heap before GC invocations=18 (full 3):
 PSYoungGen      total 334848K, used 179196K [0x000000076ab00000, 0x0000000780f00000, 0x00000007c0000000)
  eden space 317440K, 51% used [0x000000076ab00000,0x0000000774b32b48,0x000000077e100000)
  from space 17408K, 87% used [0x000000077fe00000,0x0000000780ccc6e8,0x0000000780f00000)
  to   space 23552K, 0% used [0x000000077e100000,0x000000077e100000,0x000000077f800000)
 ParOldGen       total 107008K, used 51934K [0x00000006c0000000, 0x00000006c6880000, 0x000000076ab00000)
  object space 107008K, 48% used [0x00000006c0000000,0x00000006c32b7b80,0x00000006c6880000)
 Metaspace       used 93800K, capacity 98258K, committed 98380K, reserved 1134592K
  class space    used 12533K, capacity 13449K, committed 13568K, reserved 1048576K
Event: 26.421 GC heap after
Heap after GC invocations=18 (full 3):
 PSYoungGen      total 340992K, used 13784K [0x000000076ab00000, 0x0000000785600000, 0x00000007c0000000)
  eden space 317440K, 0% used [0x000000076ab00000,0x000000076ab00000,0x000000077e100000)
  from space 23552K, 58% used [0x000000077e100000,0x000000077ee76210,0x000000077f800000)
  to   space 23040K, 0% used [0x0000000783f80000,0x0000000783f80000,0x0000000785600000)
 ParOldGen       total 107008K, used 51942K [0x00000006c0000000, 0x00000006c6880000, 0x000000076ab00000)
  object space 107008K, 48% used [0x00000006c0000000,0x00000006c32b9b80,0x00000006c6880000)
 Metaspace       used 93800K, capacity 98258K, committed 98380K, reserved 1134592K
  class space    used 12533K, capacity 13449K, committed 13568K, reserved 1048576K
}
Event: 26.421 GC heap before
{Heap before GC invocations=19 (full 4):
 PSYoungGen      total 340992K, used 13784K [0x000000076ab00000, 0x0000000785600000, 0x00000007c0000000)
  eden space 317440K, 0% used [0x000000076ab00000,0x000000076ab00000,0x000000077e100000)
  from space 23552K, 58% used [0x000000077e100000,0x000000077ee76210,0x000000077f800000)
  to   space 23040K, 0% used [0x0000000783f80000,0x0000000783f80000,0x0000000785600000)
 ParOldGen       total 107008K, used 51942K [0x00000006c0000000, 0x00000006c6880000, 0x000000076ab00000)
  object space 107008K, 48% used [0x00000006c0000000,0x00000006c32b9b80,0x00000006c6880000)
 Metaspace       used 93800K, capacity 98258K, committed 98380K, reserved 1134592K
  class space    used 12533K, capacity 13449K, committed 13568K, reserved 1048576K
Event: 26.541 GC heap after
Heap after GC invocations=19 (full 4):
 PSYoungGen      total 340992K, used 0K [0x000000076ab00000, 0x0000000785600000, 0x00000007c0000000)
  eden space 317440K, 0% used [0x000000076ab00000,0x000000076ab00000,0x000000077e100000)
  from space 23552K, 0% used [0x000000077e100000,0x000000077e100000,0x000000077f800000)
  to   space 23040K, 0% used [0x0000000783f80000,0x0000000783f80000,0x0000000785600000)
 ParOldGen       total 155136K, used 55821K [0x00000006c0000000, 0x00000006c9780000, 0x000000076ab00000)
  object space 155136K, 35% used [0x00000006c0000000,0x00000006c3683758,0x00000006c9780000)
 Metaspace       used 93667K, capacity 97910K, committed 98380K, reserved 1134592K
  class space    used 12497K, capacity 13385K, committed 13568K, reserved 1048576K
}

